0 info it worked if it ends with ok
1 verbose cli [ '/usr/local/bin/node',
1 verbose cli   '/usr/local/bin/npm',
1 verbose cli   'install',
1 verbose cli   '-g',
1 verbose cli   'bower' ]
2 info using npm@2.14.12
3 info using node@v4.3.0
4 verbose install initial load of /usr/local/lib/package.json
5 verbose readDependencies loading dependencies from /usr/local/lib/package.json
6 silly cache add args [ 'bower', null ]
7 verbose cache add spec bower
8 silly cache add parsed spec Result {
8 silly cache add   raw: 'bower',
8 silly cache add   scope: null,
8 silly cache add   name: 'bower',
8 silly cache add   rawSpec: '',
8 silly cache add   spec: 'latest',
8 silly cache add   type: 'tag' }
9 silly addNamed bower@latest
10 verbose addNamed "latest" is being treated as a dist-tag for bower
11 info addNameTag [ 'bower', 'latest' ]
12 silly mapToRegistry name bower
13 silly mapToRegistry using default registry
14 silly mapToRegistry registry https://registry.npmjs.org/
15 silly mapToRegistry uri https://registry.npmjs.org/bower
16 verbose addNameTag registry:https://registry.npmjs.org/bower not in flight; fetching
17 verbose request uri https://registry.npmjs.org/bower
18 verbose request no auth needed
19 info attempt registry request try #1 at 21:19:11
20 verbose request id 7f8e83214e4a6bc1
21 verbose etag "C5GPEP43F9XQ6KECR9JOY7LU5"
22 http request GET https://registry.npmjs.org/bower
23 http 200 https://registry.npmjs.org/bower
24 verbose headers { server: 'CouchDB/1.5.0 (Erlang OTP/R16B03)',
24 verbose headers   etag: '"9YG4KGJ5PHBDKGOTUGNTB9PU5"',
24 verbose headers   'content-type': 'application/json',
24 verbose headers   'content-encoding': 'gzip',
24 verbose headers   'cache-control': 'max-age=300',
24 verbose headers   'content-length': '20335',
24 verbose headers   'accept-ranges': 'bytes',
24 verbose headers   date: 'Fri, 15 Apr 2016 13:19:14 GMT',
24 verbose headers   via: '1.1 varnish',
24 verbose headers   age: '262',
24 verbose headers   connection: 'keep-alive',
24 verbose headers   'x-served-by': 'cache-sjc3134-SJC',
24 verbose headers   'x-cache': 'HIT',
24 verbose headers   'x-cache-hits': '3',
24 verbose headers   'x-timer': 'S1460726354.855106,VS0,VE0',
24 verbose headers   vary: 'Accept-Encoding' }
25 silly get cb [ 200,
25 silly get   { server: 'CouchDB/1.5.0 (Erlang OTP/R16B03)',
25 silly get     etag: '"9YG4KGJ5PHBDKGOTUGNTB9PU5"',
25 silly get     'content-type': 'application/json',
25 silly get     'content-encoding': 'gzip',
25 silly get     'cache-control': 'max-age=300',
25 silly get     'content-length': '20335',
25 silly get     'accept-ranges': 'bytes',
25 silly get     date: 'Fri, 15 Apr 2016 13:19:14 GMT',
25 silly get     via: '1.1 varnish',
25 silly get     age: '262',
25 silly get     connection: 'keep-alive',
25 silly get     'x-served-by': 'cache-sjc3134-SJC',
25 silly get     'x-cache': 'HIT',
25 silly get     'x-cache-hits': '3',
25 silly get     'x-timer': 'S1460726354.855106,VS0,VE0',
25 silly get     vary: 'Accept-Encoding' } ]
26 verbose get saving bower to /home/killerfear/.npm/registry.npmjs.org/bower/.cache.json
27 silly addNameTag next cb for bower with tag latest
28 silly addNamed bower@1.7.9
29 verbose addNamed "1.7.9" is a plain semver version for bower
30 silly mapToRegistry name bower
31 silly mapToRegistry using default registry
32 silly mapToRegistry registry https://registry.npmjs.org/
33 silly mapToRegistry uri https://registry.npmjs.org/bower
34 verbose addRemoteTarball https://registry.npmjs.org/bower/-/bower-1.7.9.tgz not in flight; adding
35 verbose addRemoteTarball [ 'https://registry.npmjs.org/bower/-/bower-1.7.9.tgz',
35 verbose addRemoteTarball   'b7296c2393e0d75edaa6ca39648132dd255812b0' ]
36 info retry fetch attempt 1 at 21:19:16
37 info attempt registry request try #1 at 21:19:16
38 http fetch GET https://registry.npmjs.org/bower/-/bower-1.7.9.tgz
39 http fetch 200 https://registry.npmjs.org/bower/-/bower-1.7.9.tgz
40 silly fetchAndShaCheck shasum b7296c2393e0d75edaa6ca39648132dd255812b0
41 verbose stack Error: shasum check failed for /tmp/npm-2747-b18e77aa/registry.npmjs.org/bower/-/bower-1.7.9.tgz
41 verbose stack Expected: b7296c2393e0d75edaa6ca39648132dd255812b0
41 verbose stack Actual:   7b5c0642cd7618d75d77ad8faf922365eb042e68
41 verbose stack From:     https://registry.npmjs.org/bower/-/bower-1.7.9.tgz
41 verbose stack     at /usr/local/lib/node_modules/npm/node_modules/sha/index.js:25:8
41 verbose stack     at ReadStream.<anonymous> (/usr/local/lib/node_modules/npm/node_modules/sha/index.js:72:7)
41 verbose stack     at emitNone (events.js:72:20)
41 verbose stack     at ReadStream.emit (events.js:166:7)
41 verbose stack     at endReadableNT (_stream_readable.js:905:12)
41 verbose stack     at nextTickCallbackWith2Args (node.js:441:9)
41 verbose stack     at process._tickCallback (node.js:355:17)
42 verbose cwd /home/killerfear/node_project/OJSystem/public
43 error Linux 3.19.0-25-generic
44 error argv "/usr/local/bin/node" "/usr/local/bin/npm" "install" "-g" "bower"
45 error node v4.3.0
46 error npm  v2.14.12
47 error shasum check failed for /tmp/npm-2747-b18e77aa/registry.npmjs.org/bower/-/bower-1.7.9.tgz
47 error Expected: b7296c2393e0d75edaa6ca39648132dd255812b0
47 error Actual:   7b5c0642cd7618d75d77ad8faf922365eb042e68
47 error From:     https://registry.npmjs.org/bower/-/bower-1.7.9.tgz
48 error If you need help, you may report this error at:
48 error     <https://github.com/npm/npm/issues>
49 verbose exit [ 1, true ]
